<?xml version="1.0" encoding="UTF-8" ?>
<testsuite tests="21" failures="0" name="com.robotprogram.RobotShouldTest" time="0.016" errors="0" skipped="0">
  <properties>
    <property name="idea.version" value="2018.3.4"/>
    <property name="java.runtime.name" value="Java(TM) SE Runtime Environment"/>
    <property name="sun.boot.library.path" value="C:\Program Files\Java\jdk1.8.0_144\jre\bin"/>
    <property name="java.vm.version" value="25.144-b01"/>
    <property name="java.vm.vendor" value="Oracle Corporation"/>
    <property name="maven.multiModuleProjectDirectory" value="C:\Users\vikas\Downloads\spring-boot-intro-master\data\robot"/>
    <property name="java.vendor.url" value="http://java.oracle.com/"/>
    <property name="path.separator" value=";"/>
    <property name="guice.disable.misplaced.annotation.check" value="true"/>
    <property name="java.vm.name" value="Java HotSpot(TM) 64-Bit Server VM"/>
    <property name="file.encoding.pkg" value="sun.io"/>
    <property name="user.script" value=""/>
    <property name="user.country" value="AU"/>
    <property name="sun.java.launcher" value="SUN_STANDARD"/>
    <property name="sun.os.patch.level" value=""/>
    <property name="java.vm.specification.name" value="Java Virtual Machine Specification"/>
    <property name="user.dir" value="C:\Users\vikas\Downloads\spring-boot-intro-master\data\robot"/>
    <property name="java.runtime.version" value="1.8.0_144-b01"/>
    <property name="java.awt.graphicsenv" value="sun.awt.Win32GraphicsEnvironment"/>
    <property name="java.endorsed.dirs" value="C:\Program Files\Java\jdk1.8.0_144\jre\lib\endorsed"/>
    <property name="os.arch" value="amd64"/>
    <property name="java.io.tmpdir" value="C:\Users\vikas\AppData\Local\Temp\"/>
    <property name="line.separator" value="
"/>
    <property name="java.vm.specification.vendor" value="Oracle Corporation"/>
    <property name="user.variant" value=""/>
    <property name="os.name" value="Windows 10"/>
    <property name="classworlds.conf" value="C:\Program Files\JetBrains\IntelliJ IDEA Community Edition 2018.3.4\plugins\maven\lib\maven3\bin\m2.conf"/>
    <property name="sun.jnu.encoding" value="Cp1252"/>
    <property name="java.library.path" value="C:\Program Files\Java\jdk1.8.0_144\bin;C:\WINDOWS\Sun\Java\bin;C:\WINDOWS\system32;C:\WINDOWS;C:\Python27\;C:\Python27\Scripts;C:\Program Files (x86)\Intel\iCLS Client\;C:\ProgramData\Oracle\Java\javapath;C:\Program Files\Intel\iCLS Client\;C:\WINDOWS\system32;C:\WINDOWS;C:\WINDOWS\System32\Wbem;C:\WINDOWS\System32\WindowsPowerShell\v1.0\;C:\Program Files (x86)\Brackets\command;C:\Program Files\Java\jdk1.8.0_144\bin;C:\Program Files\Git\cmd;C:\Program Files (x86)\Intel\Intel(R) Management Engine Components\DAL;C:\Program Files\Intel\Intel(R) Management Engine Components\DAL;C:\Program Files (x86)\Intel\Intel(R) Management Engine Components\IPT;C:\Program Files\Intel\Intel(R) Management Engine Components\IPT;C:\WINDOWS\System32\OpenSSH\;C:\Program Files\PuTTY\;C:\Program Files\Amazon\AWSCLI\bin\;C:\Program Files\nodejs\;C:\ProgramData\chocolatey\bin;C:\apache-groovy-sdk-2.5.6\groovy-2.5.6\bin;C:\spring-boot-cli-2.1.0.BUILD-SNAPSHOT-bin\spring-2.1.0.BUILD-SNAPSHOT\bin;C:\Program Files\Intel\WiFi\bin\;C:\Program Files\Common Files\Intel\WirelessCommon\;C:\Users\vikas\AppData\Local\Microsoft\WindowsApps;C:\Users\vikas\AppData\Roaming\npm;C:\Users\vikas\AppData\Local\Programs\Microsoft VS Code\bin;C:\spring-boot-cli-2.1.0.BUILD-SNAPSHOT-bin\spring-2.1.0.BUILD-SNAPSHOT\bin;C:\apache-groovy-sdk-2.5.6\groovy-2.5.6\bin;;."/>
    <property name="java.specification.name" value="Java Platform API Specification"/>
    <property name="java.class.version" value="52.0"/>
    <property name="sun.management.compiler" value="HotSpot 64-Bit Tiered Compilers"/>
    <property name="os.version" value="10.0"/>
    <property name="user.home" value="C:\Users\vikas"/>
    <property name="user.timezone" value="Australia/Adelaide"/>
    <property name="java.awt.printerjob" value="sun.awt.windows.WPrinterJob"/>
    <property name="java.specification.version" value="1.8"/>
    <property name="file.encoding" value="UTF-8"/>
    <property name="user.name" value="vikas"/>
    <property name="java.class.path" value="C:\Program Files\JetBrains\IntelliJ IDEA Community Edition 2018.3.4\plugins\maven\lib\maven3\boot\plexus-classworlds-2.5.2.jar;C:\Program Files\JetBrains\IntelliJ IDEA Community Edition 2018.3.4\lib\idea_rt.jar"/>
    <property name="java.vm.specification.version" value="1.8"/>
    <property name="sun.arch.data.model" value="64"/>
    <property name="java.home" value="C:\Program Files\Java\jdk1.8.0_144\jre"/>
    <property name="sun.java.command" value="org.codehaus.classworlds.Launcher -Didea.version=2018.3.4 package"/>
    <property name="java.specification.vendor" value="Oracle Corporation"/>
    <property name="user.language" value="en"/>
    <property name="awt.toolkit" value="sun.awt.windows.WToolkit"/>
    <property name="java.vm.info" value="mixed mode"/>
    <property name="java.version" value="1.8.0_144"/>
    <property name="java.ext.dirs" value="C:\Program Files\Java\jdk1.8.0_144\jre\lib\ext;C:\WINDOWS\Sun\Java\lib\ext"/>
    <property name="sun.boot.class.path" value="C:\Program Files\Java\jdk1.8.0_144\jre\lib\resources.jar;C:\Program Files\Java\jdk1.8.0_144\jre\lib\rt.jar;C:\Program Files\Java\jdk1.8.0_144\jre\lib\sunrsasign.jar;C:\Program Files\Java\jdk1.8.0_144\jre\lib\jsse.jar;C:\Program Files\Java\jdk1.8.0_144\jre\lib\jce.jar;C:\Program Files\Java\jdk1.8.0_144\jre\lib\charsets.jar;C:\Program Files\Java\jdk1.8.0_144\jre\lib\jfr.jar;C:\Program Files\Java\jdk1.8.0_144\jre\classes"/>
    <property name="java.vendor" value="Oracle Corporation"/>
    <property name="maven.home" value="C:\Program Files\JetBrains\IntelliJ IDEA Community Edition 2018.3.4\plugins\maven\lib\maven3"/>
    <property name="file.separator" value="\"/>
    <property name="java.vendor.url.bug" value="http://bugreport.sun.com/bugreport/"/>
    <property name="sun.cpu.endian" value="little"/>
    <property name="sun.io.unicode.encoding" value="UnicodeLittle"/>
    <property name="sun.desktop" value="windows"/>
    <property name="sun.cpu.isalist" value="amd64"/>
  </properties>
  <testcase classname="com.robotprogram.RobotShouldTest" name="[0] RM,1:0:E (move_right)" time="0.008"/>
  <testcase classname="com.robotprogram.RobotShouldTest" name="[1] RMMMMM,5:0:E (move_right)" time="0"/>
  <testcase classname="com.robotprogram.RobotShouldTest" name="[0] LLM,0:9:S (move_south)" time="0"/>
  <testcase classname="com.robotprogram.RobotShouldTest" name="[1] LLMMMMM,0:5:S (move_south)" time="0"/>
  <testcase classname="com.robotprogram.RobotShouldTest" name="[0] MMMMMMMMMM,0:0:N (wrap_top_to_bottom_when_moving_north)" time="0"/>
  <testcase classname="com.robotprogram.RobotShouldTest" name="[1] MMMMMMMMMMMMMMM,0:5:N (wrap_top_to_bottom_when_moving_north)" time="0.001"/>
  <testcase classname="com.robotprogram.RobotShouldTest" name="[0] RMMMMMMMMMM,0:0:E (wrap_from_right_to_left_when_moving_east)" time="0.001"/>
  <testcase classname="com.robotprogram.RobotShouldTest" name="[1] MMMMMMMMMMMMMMM,0:5:N (wrap_from_right_to_left_when_moving_east)" time="0"/>
  <testcase classname="com.robotprogram.RobotShouldTest" name="[0] LM,9:0:W (move_left)" time="0"/>
  <testcase classname="com.robotprogram.RobotShouldTest" name="[1] LMMMMM,5:0:W (move_left)" time="0.001"/>
  <testcase classname="com.robotprogram.RobotShouldTest" name="[0] M,0:1:N (move_up)" time="0.001"/>
  <testcase classname="com.robotprogram.RobotShouldTest" name="[1] MM,0:2:N (move_up)" time="0"/>
  <testcase classname="com.robotprogram.RobotShouldTest" name="[2] MMM,0:3:N (move_up)" time="0"/>
  <testcase classname="com.robotprogram.RobotShouldTest" name="[0] L,0:0:W (rotate_left)" time="0"/>
  <testcase classname="com.robotprogram.RobotShouldTest" name="[1] LL,0:0:S (rotate_left)" time="0.001"/>
  <testcase classname="com.robotprogram.RobotShouldTest" name="[2] LLL,0:0:E (rotate_left)" time="0.001"/>
  <testcase classname="com.robotprogram.RobotShouldTest" name="[3] LLLL,0:0:N (rotate_left)" time="0"/>
  <testcase classname="com.robotprogram.RobotShouldTest" name="[0] R,0:0:E (rotate_right)" time="0"/>
  <testcase classname="com.robotprogram.RobotShouldTest" name="[1] RR,0:0:S (rotate_right)" time="0"/>
  <testcase classname="com.robotprogram.RobotShouldTest" name="[2] RRR,0:0:W (rotate_right)" time="0.001"/>
  <testcase classname="com.robotprogram.RobotShouldTest" name="[3] RRRR,0:0:N (rotate_right)" time="0.001"/>
</testsuite>